{"C:\\Users\\Usuario\\rest_api_node_ts_server\\src\\routes.ts": {"path":"C:\\Users\\Usuario\\rest_api_node_ts_server\\src\\routes.ts","statementMap":{"0":{"start":{"line":1,"column":0},"end":{"line":1,"column":33}},"1":{"start":{"line":2,"column":0},"end":{"line":2,"column":null}},"2":{"start":{"line":10,"column":0},"end":{"line":10,"column":null}},"3":{"start":{"line":17,"column":15},"end":{"line":17,"column":23}},"4":{"start":{"line":20,"column":0},"end":{"line":20,"column":29}},"5":{"start":{"line":22,"column":0},"end":{"line":22,"column":53}},"6":{"start":{"line":24,"column":0},"end":{"line":24,"column":51}},"7":{"start":{"line":26,"column":0},"end":{"line":26,"column":54}},"8":{"start":{"line":28,"column":0},"end":{"line":28,"column":41}},"9":{"start":{"line":30,"column":0},"end":{"line":30,"column":56}},"10":{"start":{"line":32,"column":0},"end":{"line":32,"column":22}}},"fnMap":{},"branchMap":{},"s":{"0":2,"1":2,"2":2,"3":2,"4":2,"5":2,"6":2,"7":2,"8":2,"9":2,"10":2},"f":{},"b":{}}
,"C:\\Users\\Usuario\\rest_api_node_ts_server\\src\\server.ts": {"path":"C:\\Users\\Usuario\\rest_api_node_ts_server\\src\\server.ts","statementMap":{"0":{"start":{"line":1,"column":0},"end":{"line":1,"column":30}},"1":{"start":{"line":2,"column":0},"end":{"line":2,"column":30}},"2":{"start":{"line":3,"column":0},"end":{"line":3,"column":29}},"3":{"start":{"line":4,"column":0},"end":{"line":4,"column":28}},"4":{"start":{"line":7,"column":25},"end":{"line":18,"column":1}},"5":{"start":{"line":8,"column":4},"end":{"line":17,"column":5}},"6":{"start":{"line":9,"column":8},"end":{"line":9,"column":32}},"7":{"start":{"line":10,"column":8},"end":{"line":10,"column":18}},"8":{"start":{"line":14,"column":8},"end":{"line":16,"column":10}},"9":{"start":{"line":7,"column":13},"end":{"line":7,"column":25}},"10":{"start":{"line":19,"column":0},"end":{"line":19,"column":12}},"11":{"start":{"line":22,"column":15},"end":{"line":22,"column":24}},"12":{"start":{"line":25,"column":0},"end":{"line":25,"column":27}},"13":{"start":{"line":27,"column":0},"end":{"line":27,"column":36}},"14":{"start":{"line":29,"column":0},"end":{"line":31,"column":3}},"15":{"start":{"line":30,"column":4},"end":{"line":30,"column":35}},"16":{"start":{"line":33,"column":0},"end":{"line":33,"column":22}}},"fnMap":{"0":{"name":"(anonymous_1)","decl":{"start":{"line":7,"column":25},"end":{"line":7,"column":30}},"loc":{"start":{"line":7,"column":36},"end":{"line":18,"column":1}}},"1":{"name":"(anonymous_2)","decl":{"start":{"line":29,"column":19},"end":{"line":29,"column":20}},"loc":{"start":{"line":29,"column":32},"end":{"line":31,"column":1}}}},"branchMap":{},"s":{"0":2,"1":2,"2":2,"3":2,"4":2,"5":3,"6":3,"7":2,"8":1,"9":2,"10":2,"11":2,"12":2,"13":2,"14":2,"15":1,"16":2},"f":{"0":3,"1":1},"b":{}}
,"C:\\Users\\Usuario\\rest_api_node_ts_server\\src\\config\\db.ts": {"path":"C:\\Users\\Usuario\\rest_api_node_ts_server\\src\\config\\db.ts","statementMap":{"0":{"start":{"line":1,"column":0},"end":{"line":1,"column":49}},"1":{"start":{"line":2,"column":0},"end":{"line":2,"column":28}},"2":{"start":{"line":3,"column":0},"end":{"line":3,"column":16}},"3":{"start":{"line":5,"column":11},"end":{"line":8,"column":2}},"4":{"start":{"line":10,"column":0},"end":{"line":10,"column":18}}},"fnMap":{},"branchMap":{},"s":{"0":2,"1":2,"2":2,"3":2,"4":2},"f":{},"b":{}}
,"C:\\Users\\Usuario\\rest_api_node_ts_server\\src\\handlers\\product.ts": {"path":"C:\\Users\\Usuario\\rest_api_node_ts_server\\src\\handlers\\product.ts","statementMap":{"0":{"start":{"line":2,"column":0},"end":{"line":2,"column":46}},"1":{"start":{"line":4,"column":27},"end":{"line":10,"column":1}},"2":{"start":{"line":5,"column":21},"end":{"line":8,"column":6}},"3":{"start":{"line":9,"column":4},"end":{"line":9,"column":33}},"4":{"start":{"line":4,"column":13},"end":{"line":4,"column":27}},"5":{"start":{"line":12,"column":30},"end":{"line":22,"column":1}},"6":{"start":{"line":13,"column":19},"end":{"line":13,"column":29}},"7":{"start":{"line":14,"column":20},"end":{"line":14,"column":46}},"8":{"start":{"line":16,"column":4},"end":{"line":19,"column":5}},"9":{"start":{"line":17,"column":8},"end":{"line":17,"column":61}},"10":{"start":{"line":18,"column":8},"end":{"line":18,"column":15}},"11":{"start":{"line":21,"column":4},"end":{"line":21,"column":32}},"12":{"start":{"line":12,"column":13},"end":{"line":12,"column":30}},"13":{"start":{"line":24,"column":29},"end":{"line":28,"column":1}},"14":{"start":{"line":25,"column":20},"end":{"line":25,"column":50}},"15":{"start":{"line":27,"column":4},"end":{"line":27,"column":44}},"16":{"start":{"line":24,"column":13},"end":{"line":24,"column":29}},"17":{"start":{"line":30,"column":29},"end":{"line":45,"column":1}},"18":{"start":{"line":32,"column":19},"end":{"line":32,"column":29}},"19":{"start":{"line":33,"column":20},"end":{"line":33,"column":46}},"20":{"start":{"line":35,"column":4},"end":{"line":38,"column":5}},"21":{"start":{"line":36,"column":8},"end":{"line":36,"column":61}},"22":{"start":{"line":37,"column":8},"end":{"line":37,"column":15}},"23":{"start":{"line":41,"column":4},"end":{"line":41,"column":35}},"24":{"start":{"line":43,"column":4},"end":{"line":43,"column":25}},"25":{"start":{"line":44,"column":4},"end":{"line":44,"column":32}},"26":{"start":{"line":30,"column":13},"end":{"line":30,"column":29}},"27":{"start":{"line":47,"column":34},"end":{"line":64,"column":1}},"28":{"start":{"line":49,"column":19},"end":{"line":49,"column":29}},"29":{"start":{"line":50,"column":20},"end":{"line":50,"column":46}},"30":{"start":{"line":52,"column":4},"end":{"line":55,"column":5}},"31":{"start":{"line":53,"column":8},"end":{"line":53,"column":61}},"32":{"start":{"line":54,"column":8},"end":{"line":54,"column":15}},"33":{"start":{"line":59,"column":4},"end":{"line":59,"column":60}},"34":{"start":{"line":61,"column":4},"end":{"line":61,"column":25}},"35":{"start":{"line":63,"column":4},"end":{"line":63,"column":32}},"36":{"start":{"line":47,"column":13},"end":{"line":47,"column":34}},"37":{"start":{"line":66,"column":29},"end":{"line":80,"column":1}},"38":{"start":{"line":68,"column":19},"end":{"line":68,"column":29}},"39":{"start":{"line":69,"column":20},"end":{"line":69,"column":46}},"40":{"start":{"line":71,"column":4},"end":{"line":74,"column":5}},"41":{"start":{"line":72,"column":8},"end":{"line":72,"column":61}},"42":{"start":{"line":73,"column":8},"end":{"line":73,"column":15}},"43":{"start":{"line":77,"column":4},"end":{"line":77,"column":28}},"44":{"start":{"line":79,"column":4},"end":{"line":79,"column":42}},"45":{"start":{"line":66,"column":13},"end":{"line":66,"column":29}}},"fnMap":{"0":{"name":"(anonymous_1)","decl":{"start":{"line":4,"column":27},"end":{"line":4,"column":32}},"loc":{"start":{"line":4,"column":65},"end":{"line":10,"column":1}}},"1":{"name":"(anonymous_2)","decl":{"start":{"line":12,"column":30},"end":{"line":12,"column":35}},"loc":{"start":{"line":12,"column":68},"end":{"line":22,"column":1}}},"2":{"name":"(anonymous_3)","decl":{"start":{"line":24,"column":29},"end":{"line":24,"column":34}},"loc":{"start":{"line":24,"column":67},"end":{"line":28,"column":1}}},"3":{"name":"(anonymous_4)","decl":{"start":{"line":30,"column":29},"end":{"line":30,"column":34}},"loc":{"start":{"line":30,"column":67},"end":{"line":45,"column":1}}},"4":{"name":"(anonymous_5)","decl":{"start":{"line":47,"column":34},"end":{"line":47,"column":39}},"loc":{"start":{"line":47,"column":72},"end":{"line":64,"column":1}}},"5":{"name":"(anonymous_6)","decl":{"start":{"line":66,"column":29},"end":{"line":66,"column":34}},"loc":{"start":{"line":66,"column":67},"end":{"line":80,"column":1}}}},"branchMap":{"0":{"loc":{"start":{"line":16,"column":4},"end":{"line":19,"column":5}},"type":"if","locations":[{"start":{"line":16,"column":4},"end":{"line":19,"column":5}}]},"1":{"loc":{"start":{"line":35,"column":4},"end":{"line":38,"column":5}},"type":"if","locations":[{"start":{"line":35,"column":4},"end":{"line":38,"column":5}}]},"2":{"loc":{"start":{"line":52,"column":4},"end":{"line":55,"column":5}},"type":"if","locations":[{"start":{"line":52,"column":4},"end":{"line":55,"column":5}}]},"3":{"loc":{"start":{"line":71,"column":4},"end":{"line":74,"column":5}},"type":"if","locations":[{"start":{"line":71,"column":4},"end":{"line":74,"column":5}}]}},"s":{"0":2,"1":2,"2":2,"3":2,"4":2,"5":2,"6":2,"7":2,"8":2,"9":1,"10":1,"11":1,"12":2,"13":2,"14":1,"15":1,"16":2,"17":2,"18":2,"19":2,"20":2,"21":1,"22":1,"23":1,"24":1,"25":1,"26":2,"27":2,"28":2,"29":2,"30":2,"31":1,"32":1,"33":1,"34":1,"35":1,"36":2,"37":2,"38":2,"39":2,"40":2,"41":1,"42":1,"43":1,"44":1,"45":2},"f":{"0":2,"1":2,"2":1,"3":2,"4":2,"5":2},"b":{"0":[1],"1":[1],"2":[1],"3":[1]}}
,"C:\\Users\\Usuario\\rest_api_node_ts_server\\src\\middleware\\index.ts": {"path":"C:\\Users\\Usuario\\rest_api_node_ts_server\\src\\middleware\\index.ts","statementMap":{"0":{"start":{"line":1,"column":0},"end":{"line":1,"column":67}},"1":{"start":{"line":4,"column":33},"end":{"line":31,"column":1}},"2":{"start":{"line":10,"column":4},"end":{"line":13,"column":18}},"3":{"start":{"line":15,"column":4},"end":{"line":22,"column":18}},"4":{"start":{"line":18,"column":27},"end":{"line":18,"column":36}},"5":{"start":{"line":24,"column":17},"end":{"line":24,"column":38}},"6":{"start":{"line":25,"column":4},"end":{"line":28,"column":5}},"7":{"start":{"line":26,"column":8},"end":{"line":26,"column":57}},"8":{"start":{"line":27,"column":8},"end":{"line":27,"column":15}},"9":{"start":{"line":30,"column":4},"end":{"line":30,"column":11}},"10":{"start":{"line":4,"column":13},"end":{"line":4,"column":33}},"11":{"start":{"line":33,"column":32},"end":{"line":46,"column":1}},"12":{"start":{"line":38,"column":4},"end":{"line":38,"column":69}},"13":{"start":{"line":40,"column":17},"end":{"line":40,"column":38}},"14":{"start":{"line":41,"column":4},"end":{"line":44,"column":5}},"15":{"start":{"line":42,"column":8},"end":{"line":42,"column":57}},"16":{"start":{"line":43,"column":8},"end":{"line":43,"column":15}},"17":{"start":{"line":45,"column":4},"end":{"line":45,"column":11}},"18":{"start":{"line":33,"column":13},"end":{"line":33,"column":32}},"19":{"start":{"line":48,"column":34},"end":{"line":82,"column":1}},"20":{"start":{"line":54,"column":4},"end":{"line":54,"column":69}},"21":{"start":{"line":56,"column":4},"end":{"line":59,"column":18}},"22":{"start":{"line":61,"column":4},"end":{"line":68,"column":18}},"23":{"start":{"line":64,"column":27},"end":{"line":64,"column":36}},"24":{"start":{"line":70,"column":4},"end":{"line":73,"column":18}},"25":{"start":{"line":75,"column":17},"end":{"line":75,"column":38}},"26":{"start":{"line":76,"column":4},"end":{"line":79,"column":5}},"27":{"start":{"line":77,"column":8},"end":{"line":77,"column":57}},"28":{"start":{"line":78,"column":8},"end":{"line":78,"column":15}},"29":{"start":{"line":81,"column":4},"end":{"line":81,"column":11}},"30":{"start":{"line":48,"column":13},"end":{"line":48,"column":34}},"31":{"start":{"line":84,"column":33},"end":{"line":97,"column":1}},"32":{"start":{"line":89,"column":4},"end":{"line":89,"column":69}},"33":{"start":{"line":91,"column":17},"end":{"line":91,"column":38}},"34":{"start":{"line":92,"column":4},"end":{"line":95,"column":5}},"35":{"start":{"line":93,"column":8},"end":{"line":93,"column":57}},"36":{"start":{"line":94,"column":8},"end":{"line":94,"column":15}},"37":{"start":{"line":96,"column":4},"end":{"line":96,"column":11}},"38":{"start":{"line":84,"column":13},"end":{"line":84,"column":33}}},"fnMap":{"0":{"name":"(anonymous_0)","decl":{"start":{"line":4,"column":33},"end":{"line":4,"column":38}},"loc":{"start":{"line":8,"column":4},"end":{"line":31,"column":1}}},"1":{"name":"(anonymous_1)","decl":{"start":{"line":18,"column":16},"end":{"line":18,"column":17}},"loc":{"start":{"line":18,"column":27},"end":{"line":18,"column":36}}},"2":{"name":"(anonymous_2)","decl":{"start":{"line":33,"column":32},"end":{"line":33,"column":37}},"loc":{"start":{"line":37,"column":4},"end":{"line":46,"column":1}}},"3":{"name":"(anonymous_3)","decl":{"start":{"line":48,"column":34},"end":{"line":48,"column":39}},"loc":{"start":{"line":52,"column":4},"end":{"line":82,"column":1}}},"4":{"name":"(anonymous_4)","decl":{"start":{"line":64,"column":16},"end":{"line":64,"column":17}},"loc":{"start":{"line":64,"column":27},"end":{"line":64,"column":36}}},"5":{"name":"(anonymous_5)","decl":{"start":{"line":84,"column":33},"end":{"line":84,"column":38}},"loc":{"start":{"line":88,"column":4},"end":{"line":97,"column":1}}}},"branchMap":{"0":{"loc":{"start":{"line":25,"column":4},"end":{"line":28,"column":5}},"type":"if","locations":[{"start":{"line":25,"column":4},"end":{"line":28,"column":5}}]},"1":{"loc":{"start":{"line":41,"column":4},"end":{"line":44,"column":5}},"type":"if","locations":[{"start":{"line":41,"column":4},"end":{"line":44,"column":5}}]},"2":{"loc":{"start":{"line":76,"column":4},"end":{"line":79,"column":5}},"type":"if","locations":[{"start":{"line":76,"column":4},"end":{"line":79,"column":5}}]},"3":{"loc":{"start":{"line":92,"column":4},"end":{"line":95,"column":5}},"type":"if","locations":[{"start":{"line":92,"column":4},"end":{"line":95,"column":5}}]}},"s":{"0":2,"1":2,"2":4,"3":4,"4":4,"5":4,"6":4,"7":3,"8":3,"9":1,"10":2,"11":2,"12":3,"13":3,"14":3,"15":1,"16":1,"17":2,"18":2,"19":2,"20":5,"21":5,"22":5,"23":5,"24":5,"25":5,"26":5,"27":3,"28":3,"29":2,"30":2,"31":2,"32":3,"33":3,"34":3,"35":1,"36":1,"37":2,"38":2},"f":{"0":4,"1":4,"2":3,"3":5,"4":5,"5":3},"b":{"0":[3],"1":[1],"2":[3],"3":[1]}}
,"C:\\Users\\Usuario\\rest_api_node_ts_server\\src\\models\\Product.model.ts": {"path":"C:\\Users\\Usuario\\rest_api_node_ts_server\\src\\models\\Product.model.ts","statementMap":{"0":{"start":{"line":1,"column":0},"end":{"line":1,"column":79}},"1":{"start":{"line":6,"column":0},"end":{"line":22,"column":null}},"2":{"start":{"line":10,"column":12},"end":{"line":10,"column":null}},"3":{"start":{"line":15,"column":12},"end":{"line":15,"column":null}},"4":{"start":{"line":21,"column":12},"end":{"line":21,"column":null}},"5":{"start":{"line":6,"column":6},"end":{"line":22,"column":null}},"6":{"start":{"line":24,"column":0},"end":{"line":24,"column":23}}},"fnMap":{},"branchMap":{},"s":{"0":3,"1":3,"2":3,"3":3,"4":3,"5":3,"6":3},"f":{},"b":{}}
}
