TN:
SF:src\routes.ts
FNF:0
FNH:0
DA:1,2
DA:2,2
DA:10,2
DA:17,2
DA:20,2
DA:22,2
DA:24,2
DA:26,2
DA:28,2
DA:30,2
DA:32,2
LF:11
LH:11
BRF:0
BRH:0
end_of_record
TN:
SF:src\server.ts
FN:7,(anonymous_1)
FN:29,(anonymous_2)
FNF:2
FNH:2
FNDA:3,(anonymous_1)
FNDA:1,(anonymous_2)
DA:1,2
DA:2,2
DA:3,2
DA:4,2
DA:7,2
DA:8,3
DA:9,3
DA:10,2
DA:14,1
DA:19,2
DA:22,2
DA:25,2
DA:27,2
DA:29,2
DA:30,1
DA:33,2
LF:16
LH:16
BRF:0
BRH:0
end_of_record
TN:
SF:src\config\db.ts
FNF:0
FNH:0
DA:1,2
DA:2,2
DA:3,2
DA:5,2
DA:10,2
LF:5
LH:5
BRF:0
BRH:0
end_of_record
TN:
SF:src\handlers\product.ts
FN:4,(anonymous_1)
FN:12,(anonymous_2)
FN:24,(anonymous_3)
FN:30,(anonymous_4)
FN:47,(anonymous_5)
FN:66,(anonymous_6)
FNF:6
FNH:6
FNDA:2,(anonymous_1)
FNDA:2,(anonymous_2)
FNDA:1,(anonymous_3)
FNDA:2,(anonymous_4)
FNDA:2,(anonymous_5)
FNDA:2,(anonymous_6)
DA:2,2
DA:4,2
DA:5,2
DA:9,2
DA:12,2
DA:13,2
DA:14,2
DA:16,2
DA:17,1
DA:18,1
DA:21,1
DA:24,2
DA:25,1
DA:27,1
DA:30,2
DA:32,2
DA:33,2
DA:35,2
DA:36,1
DA:37,1
DA:41,1
DA:43,1
DA:44,1
DA:47,2
DA:49,2
DA:50,2
DA:52,2
DA:53,1
DA:54,1
DA:59,1
DA:61,1
DA:63,1
DA:66,2
DA:68,2
DA:69,2
DA:71,2
DA:72,1
DA:73,1
DA:77,1
DA:79,1
LF:40
LH:40
BRDA:16,0,0,1
BRDA:35,1,0,1
BRDA:52,2,0,1
BRDA:71,3,0,1
BRF:4
BRH:4
end_of_record
TN:
SF:src\middleware\index.ts
FN:4,(anonymous_0)
FN:18,(anonymous_1)
FN:33,(anonymous_2)
FN:48,(anonymous_3)
FN:64,(anonymous_4)
FN:84,(anonymous_5)
FNF:6
FNH:6
FNDA:4,(anonymous_0)
FNDA:4,(anonymous_1)
FNDA:3,(anonymous_2)
FNDA:5,(anonymous_3)
FNDA:5,(anonymous_4)
FNDA:3,(anonymous_5)
DA:1,2
DA:4,2
DA:10,4
DA:15,4
DA:18,4
DA:24,4
DA:25,4
DA:26,3
DA:27,3
DA:30,1
DA:33,2
DA:38,3
DA:40,3
DA:41,3
DA:42,1
DA:43,1
DA:45,2
DA:48,2
DA:54,5
DA:56,5
DA:61,5
DA:64,5
DA:70,5
DA:75,5
DA:76,5
DA:77,3
DA:78,3
DA:81,2
DA:84,2
DA:89,3
DA:91,3
DA:92,3
DA:93,1
DA:94,1
DA:96,2
LF:35
LH:35
BRDA:25,0,0,3
BRDA:41,1,0,1
BRDA:76,2,0,3
BRDA:92,3,0,1
BRF:4
BRH:4
end_of_record
TN:
SF:src\models\Product.model.ts
FNF:0
FNH:0
DA:1,3
DA:6,3
DA:10,3
DA:15,3
DA:21,3
DA:24,3
LF:6
LH:6
BRF:0
BRH:0
end_of_record
